2010.12.07 19:08 B G:\SchoolWork\Fall 10\IMD100 files from online\imd100\remake\credits\bluej.png <-- Ipswitch /public_html/imd100/remake/credits bluej.png
2010.12.07 19:08 B G:\SchoolWork\Fall 10\IMD100 files from online\imd100\remake\credits\brillo.png <-- Ipswitch /public_html/imd100/remake/credits brillo.png
2010.12.07 19:08 B G:\SchoolWork\Fall 10\IMD100 files from online\imd100\remake\credits\campd.png <-- Ipswitch /public_html/imd100/remake/credits campd.png
2010.12.07 19:08 B G:\SchoolWork\Fall 10\IMD100 files from online\imd100\remake\credits\chairposter.png <-- Ipswitch /public_html/imd100/remake/credits chairposter.png
2010.12.07 19:08 B G:\SchoolWork\Fall 10\IMD100 files from online\imd100\remake\credits\coke.png <-- Ipswitch /public_html/imd100/remake/credits coke.png
2010.12.07 19:08 B G:\SchoolWork\Fall 10\IMD100 files from online\imd100\remake\credits\electric.png <-- Ipswitch /public_html/imd100/remake/credits electric.png
2010.12.07 19:08 B G:\SchoolWork\Fall 10\IMD100 files from online\imd100\remake\credits\eth.png <-- Ipswitch /public_html/imd100/remake/credits eth.png
2010.12.07 19:08 B G:\SchoolWork\Fall 10\IMD100 files from online\imd100\remake\credits\flowerb.png <-- Ipswitch /public_html/imd100/remake/credits flowerb.png
2010.12.07 19:08 B G:\SchoolWork\Fall 10\IMD100 files from online\imd100\remake\credits\goe.png <-- Ipswitch /public_html/imd100/remake/credits goe.png
2010.12.07 19:08 B G:\SchoolWork\Fall 10\IMD100 files from online\imd100\remake\credits\kimi.png <-- Ipswitch /public_html/imd100/remake/credits kimi.png
2010.12.07 19:08 B G:\SchoolWork\Fall 10\IMD100 files from online\imd100\remake\credits\maolip.png <-- Ipswitch /public_html/imd100/remake/credits maolip.png
2010.12.07 19:08 B G:\SchoolWork\Fall 10\IMD100 files from online\imd100\remake\credits\mary.png <-- Ipswitch /public_html/imd100/remake/credits mary.png
2010.12.07 19:08 B G:\SchoolWork\Fall 10\IMD100 files from online\imd100\remake\credits\soupdress.png <-- Ipswitch /public_html/imd100/remake/credits soupdress.png
2010.12.07 19:08 B G:\SchoolWork\Fall 10\IMD100 files from online\imd100\remake\credits\Thumbs.db <-- Ipswitch /public_html/imd100/remake/credits Thumbs.db
2010.12.07 19:08 B G:\SchoolWork\Fall 10\IMD100 files from online\imd100\remake\credits\tomato.png <-- Ipswitch /public_html/imd100/remake/credits tomato.png
2010.12.07 20:40 B G:\SchoolWork\Fall 10\IMD100 files from online\imd100\remake\credits\bluej.png --> dquach.aiwsites.com /public_html/imd100/remake/credits bluej.png
2010.12.07 20:40 B G:\SchoolWork\Fall 10\IMD100 files from online\imd100\remake\credits\brillo.png --> dquach.aiwsites.com /public_html/imd100/remake/credits brillo.png
2010.12.07 20:40 B G:\SchoolWork\Fall 10\IMD100 files from online\imd100\remake\credits\campd.png --> dquach.aiwsites.com /public_html/imd100/remake/credits campd.png
2010.12.07 20:40 B G:\SchoolWork\Fall 10\IMD100 files from online\imd100\remake\credits\chairposter.png --> dquach.aiwsites.com /public_html/imd100/remake/credits chairposter.png
2010.12.07 20:40 B G:\SchoolWork\Fall 10\IMD100 files from online\imd100\remake\credits\coke.png --> dquach.aiwsites.com /public_html/imd100/remake/credits coke.png
2010.12.07 20:40 B G:\SchoolWork\Fall 10\IMD100 files from online\imd100\remake\credits\electric.png --> dquach.aiwsites.com /public_html/imd100/remake/credits electric.png
2010.12.07 20:40 B G:\SchoolWork\Fall 10\IMD100 files from online\imd100\remake\credits\eth.png --> dquach.aiwsites.com /public_html/imd100/remake/credits eth.png
2010.12.07 20:40 B G:\SchoolWork\Fall 10\IMD100 files from online\imd100\remake\credits\flowerb.png --> dquach.aiwsites.com /public_html/imd100/remake/credits flowerb.png
2010.12.07 20:40 B G:\SchoolWork\Fall 10\IMD100 files from online\imd100\remake\credits\goe.png --> dquach.aiwsites.com /public_html/imd100/remake/credits goe.png
2010.12.07 20:40 B G:\SchoolWork\Fall 10\IMD100 files from online\imd100\remake\credits\kimi.png --> dquach.aiwsites.com /public_html/imd100/remake/credits kimi.png
2010.12.07 20:40 B G:\SchoolWork\Fall 10\IMD100 files from online\imd100\remake\credits\maolip.png --> dquach.aiwsites.com /public_html/imd100/remake/credits maolip.png
2010.12.07 20:40 B G:\SchoolWork\Fall 10\IMD100 files from online\imd100\remake\credits\mary.png --> dquach.aiwsites.com /public_html/imd100/remake/credits mary.png
2010.12.07 20:40 B G:\SchoolWork\Fall 10\IMD100 files from online\imd100\remake\credits\soupdress.png --> dquach.aiwsites.com /public_html/imd100/remake/credits soupdress.png
2010.12.07 20:40 B G:\SchoolWork\Fall 10\IMD100 files from online\imd100\remake\credits\Thumbs.db --> dquach.aiwsites.com /public_html/imd100/remake/credits Thumbs.db
2010.12.07 20:40 B G:\SchoolWork\Fall 10\IMD100 files from online\imd100\remake\credits\tomato.png --> dquach.aiwsites.com /public_html/imd100/remake/credits tomato.png
2011.03.12 11:11 B G:\2010\SchoolWork\Final Review 2\imd100\remake\credits\WS_FTP.LOG <-- Ipswitch /public_html/imd100/remake/credits WS_FTP.LOG
