2011.03.12 11:12 B G:\2010\SchoolWork\Final Review 2\IMD110\remake\images\backdrop.png <-- Ipswitch /public_html/IMD110/remake/images backdrop.png
2011.03.12 11:12 B G:\2010\SchoolWork\Final Review 2\IMD110\remake\images\backdrop1.png <-- Ipswitch /public_html/IMD110/remake/images backdrop1.png
2011.03.12 11:12 B G:\2010\SchoolWork\Final Review 2\IMD110\remake\images\bannerparts2.png <-- Ipswitch /public_html/IMD110/remake/images bannerparts2.png
2011.03.12 11:12 B G:\2010\SchoolWork\Final Review 2\IMD110\remake\images\bars.png <-- Ipswitch /public_html/IMD110/remake/images bars.png
2011.03.12 11:12 B G:\2010\SchoolWork\Final Review 2\IMD110\remake\images\bkgbanner.png <-- Ipswitch /public_html/IMD110/remake/images bkgbanner.png
2011.03.12 11:12 B G:\2010\SchoolWork\Final Review 2\IMD110\remake\images\bodybkg.png <-- Ipswitch /public_html/IMD110/remake/images bodybkg.png
2011.03.12 11:12 B G:\2010\SchoolWork\Final Review 2\IMD110\remake\images\bronze.png <-- Ipswitch /public_html/IMD110/remake/images bronze.png
2011.03.12 11:12 B G:\2010\SchoolWork\Final Review 2\IMD110\remake\images\buckle.png <-- Ipswitch /public_html/IMD110/remake/images buckle.png
2011.03.12 11:12 B G:\2010\SchoolWork\Final Review 2\IMD110\remake\images\central.png <-- Ipswitch /public_html/IMD110/remake/images central.png
2011.03.12 11:12 B G:\2010\SchoolWork\Final Review 2\IMD110\remake\images\down.png <-- Ipswitch /public_html/IMD110/remake/images down.png
2011.03.12 11:12 B G:\2010\SchoolWork\Final Review 2\IMD110\remake\images\fillbar.png <-- Ipswitch /public_html/IMD110/remake/images fillbar.png
2011.03.12 11:12 B G:\2010\SchoolWork\Final Review 2\IMD110\remake\images\guard.png <-- Ipswitch /public_html/IMD110/remake/images guard.png
2011.03.12 11:12 B G:\2010\SchoolWork\Final Review 2\IMD110\remake\images\harmony.png <-- Ipswitch /public_html/IMD110/remake/images harmony.png
2011.03.12 11:12 B G:\2010\SchoolWork\Final Review 2\IMD110\remake\images\horse.png <-- Ipswitch /public_html/IMD110/remake/images horse.png
2011.03.12 11:12 B G:\2010\SchoolWork\Final Review 2\IMD110\remake\images\jade.png <-- Ipswitch /public_html/IMD110/remake/images jade.png
2011.03.12 11:12 B G:\2010\SchoolWork\Final Review 2\IMD110\remake\images\lioncontact.png <-- Ipswitch /public_html/IMD110/remake/images lioncontact.png
2011.03.12 11:12 B G:\2010\SchoolWork\Final Review 2\IMD110\remake\images\marblechinesewords.ai <-- Ipswitch /public_html/IMD110/remake/images marblechinesewords.ai
2011.03.12 11:12 B G:\2010\SchoolWork\Final Review 2\IMD110\remake\images\meridiangate.png <-- Ipswitch /public_html/IMD110/remake/images meridiangate.png
2011.03.12 11:12 B G:\2010\SchoolWork\Final Review 2\IMD110\remake\images\namelogo.png <-- Ipswitch /public_html/IMD110/remake/images namelogo.png
2011.03.12 11:12 B G:\2010\SchoolWork\Final Review 2\IMD110\remake\images\overview.png <-- Ipswitch /public_html/IMD110/remake/images overview.png
2011.03.12 11:12 B G:\2010\SchoolWork\Final Review 2\IMD110\remake\images\palace.png <-- Ipswitch /public_html/IMD110/remake/images palace.png
2011.03.12 11:12 B G:\2010\SchoolWork\Final Review 2\IMD110\remake\images\panoramic.png <-- Ipswitch /public_html/IMD110/remake/images panoramic.png
2011.03.12 11:12 B G:\2010\SchoolWork\Final Review 2\IMD110\remake\images\pure.png <-- Ipswitch /public_html/IMD110/remake/images pure.png
2011.03.12 11:12 B G:\2010\SchoolWork\Final Review 2\IMD110\remake\images\qing.png <-- Ipswitch /public_html/IMD110/remake/images qing.png
2011.03.12 11:12 B G:\2010\SchoolWork\Final Review 2\IMD110\remake\images\respect.png <-- Ipswitch /public_html/IMD110/remake/images respect.png
2011.03.12 11:12 B G:\2010\SchoolWork\Final Review 2\IMD110\remake\images\respectcontact.png <-- Ipswitch /public_html/IMD110/remake/images respectcontact.png
2011.03.12 11:12 B G:\2010\SchoolWork\Final Review 2\IMD110\remake\images\respectcontact2.png <-- Ipswitch /public_html/IMD110/remake/images respectcontact2.png
2011.03.12 11:12 B G:\2010\SchoolWork\Final Review 2\IMD110\remake\images\scroll.png <-- Ipswitch /public_html/IMD110/remake/images scroll.png
2011.03.12 11:12 B G:\2010\SchoolWork\Final Review 2\IMD110\remake\images\sidebar.png <-- Ipswitch /public_html/IMD110/remake/images sidebar.png
2011.03.12 11:12 B G:\2010\SchoolWork\Final Review 2\IMD110\remake\images\skematics.png <-- Ipswitch /public_html/IMD110/remake/images skematics.png
2011.03.12 11:12 B G:\2010\SchoolWork\Final Review 2\IMD110\remake\images\sunset.png <-- Ipswitch /public_html/IMD110/remake/images sunset.png
2011.03.12 11:12 B G:\2010\SchoolWork\Final Review 2\IMD110\remake\images\throne.png <-- Ipswitch /public_html/IMD110/remake/images throne.png
2011.03.12 11:12 B G:\2010\SchoolWork\Final Review 2\IMD110\remake\images\Thumbs.db <-- Ipswitch /public_html/IMD110/remake/images Thumbs.db
2011.03.12 11:12 B G:\2010\SchoolWork\Final Review 2\IMD110\remake\images\title.png <-- Ipswitch /public_html/IMD110/remake/images title.png
2011.03.12 11:12 B G:\2010\SchoolWork\Final Review 2\IMD110\remake\images\title2.png <-- Ipswitch /public_html/IMD110/remake/images title2.png
2011.03.12 11:12 B G:\2010\SchoolWork\Final Review 2\IMD110\remake\images\title3.png <-- Ipswitch /public_html/IMD110/remake/images title3.png
2011.03.12 11:12 B G:\2010\SchoolWork\Final Review 2\IMD110\remake\images\tourist.png <-- Ipswitch /public_html/IMD110/remake/images tourist.png
2011.03.12 11:12 B G:\2010\SchoolWork\Final Review 2\IMD110\remake\images\up.png <-- Ipswitch /public_html/IMD110/remake/images up.png
2011.03.12 11:12 B G:\2010\SchoolWork\Final Review 2\IMD110\remake\images\wall.png <-- Ipswitch /public_html/IMD110/remake/images wall.png
2011.03.12 11:12 B G:\2010\SchoolWork\Final Review 2\IMD110\remake\images\water.png <-- Ipswitch /public_html/IMD110/remake/images water.png
2011.03.12 11:12 B G:\2010\SchoolWork\Final Review 2\IMD110\remake\images\yangxindian.png <-- Ipswitch /public_html/IMD110/remake/images yangxindian.png
2011.03.12 11:12 B G:\2010\SchoolWork\Final Review 2\IMD110\remake\images\yellow.png <-- Ipswitch /public_html/IMD110/remake/images yellow.png
2011.03.12 11:12 B G:\2010\SchoolWork\Final Review 2\IMD110\remake\images\yongle.jpg <-- Ipswitch /public_html/IMD110/remake/images yongle.jpg
2011.03.12 11:12 B G:\2010\SchoolWork\Final Review 2\IMD110\remake\images\yongle.png <-- Ipswitch /public_html/IMD110/remake/images yongle.png
