2010.12.07 19:08 B G:\SchoolWork\Fall 10\IMD100 files from online\imd100\remake\andy-bannerip.png <-- Ipswitch /public_html/imd100/remake andy-bannerip.png
2010.12.07 19:08 B G:\SchoolWork\Fall 10\IMD100 files from online\imd100\remake\andy-bar.png <-- Ipswitch /public_html/imd100/remake andy-bar.png
2010.12.07 19:08 B G:\SchoolWork\Fall 10\IMD100 files from online\imd100\remake\andyvalidation.pdf <-- Ipswitch /public_html/imd100/remake andyvalidation.pdf
2010.12.07 19:08 B G:\SchoolWork\Fall 10\IMD100 files from online\imd100\remake\andywarhol.pdf <-- Ipswitch /public_html/imd100/remake andywarhol.pdf
2010.12.07 19:08 B G:\SchoolWork\Fall 10\IMD100 files from online\imd100\remake\around the net.htm <-- Ipswitch /public_html/imd100/remake around the net.htm
2010.12.07 19:08 B G:\SchoolWork\Fall 10\IMD100 files from online\imd100\remake\biography.htm <-- Ipswitch /public_html/imd100/remake biography.htm
2010.12.07 19:08 B G:\SchoolWork\Fall 10\IMD100 files from online\imd100\remake\brillobox.png <-- Ipswitch /public_html/imd100/remake brillobox.png
2010.12.07 19:08 B G:\SchoolWork\Fall 10\IMD100 files from online\imd100\remake\contact.htm <-- Ipswitch /public_html/imd100/remake contact.htm
2010.12.07 19:08 B G:\SchoolWork\Fall 10\IMD100 files from online\imd100\remake\credit.htm <-- Ipswitch /public_html/imd100/remake credit.htm
2010.12.07 19:08 B G:\SchoolWork\Fall 10\IMD100 files from online\imd100\remake\ethel.png <-- Ipswitch /public_html/imd100/remake ethel.png
2010.12.07 19:09 B G:\SchoolWork\Fall 10\IMD100 files from online\imd100\remake\ethel2.png <-- Ipswitch /public_html/imd100/remake ethel2.png
2010.12.07 19:09 B G:\SchoolWork\Fall 10\IMD100 files from online\imd100\remake\flowersthumb.png <-- Ipswitch /public_html/imd100/remake flowersthumb.png
2010.12.07 19:09 B G:\SchoolWork\Fall 10\IMD100 files from online\imd100\remake\gallery.htm <-- Ipswitch /public_html/imd100/remake gallery.htm
2010.12.07 19:09 B G:\SchoolWork\Fall 10\IMD100 files from online\imd100\remake\gallery2.htm <-- Ipswitch /public_html/imd100/remake gallery2.htm
2010.12.07 19:09 B G:\SchoolWork\Fall 10\IMD100 files from online\imd100\remake\gallery3.htm <-- Ipswitch /public_html/imd100/remake gallery3.htm
2010.12.07 19:09 B G:\SchoolWork\Fall 10\IMD100 files from online\imd100\remake\gallery4.htm <-- Ipswitch /public_html/imd100/remake gallery4.htm
2010.12.07 19:09 B G:\SchoolWork\Fall 10\IMD100 files from online\imd100\remake\gallery5.htm <-- Ipswitch /public_html/imd100/remake gallery5.htm
2010.12.07 19:09 B G:\SchoolWork\Fall 10\IMD100 files from online\imd100\remake\gallery6.htm <-- Ipswitch /public_html/imd100/remake gallery6.htm
2010.12.07 19:09 B G:\SchoolWork\Fall 10\IMD100 files from online\imd100\remake\goethe.png <-- Ipswitch /public_html/imd100/remake goethe.png
2010.12.07 19:09 B G:\SchoolWork\Fall 10\IMD100 files from online\imd100\remake\goethelarge.png <-- Ipswitch /public_html/imd100/remake goethelarge.png
2010.12.07 19:09 B G:\SchoolWork\Fall 10\IMD100 files from online\imd100\remake\goethemonroe.png <-- Ipswitch /public_html/imd100/remake goethemonroe.png
2010.12.07 19:09 B G:\SchoolWork\Fall 10\IMD100 files from online\imd100\remake\index.htm <-- Ipswitch /public_html/imd100/remake index.htm
2010.12.07 19:09 B G:\SchoolWork\Fall 10\IMD100 files from online\imd100\remake\kimikofive.png <-- Ipswitch /public_html/imd100/remake kimikofive.png
2010.12.07 19:09 B G:\SchoolWork\Fall 10\IMD100 files from online\imd100\remake\kimikomain.png <-- Ipswitch /public_html/imd100/remake kimikomain.png
2010.12.07 19:09 B G:\SchoolWork\Fall 10\IMD100 files from online\imd100\remake\kiss.jpg <-- Ipswitch /public_html/imd100/remake kiss.jpg
2010.12.07 19:09 B G:\SchoolWork\Fall 10\IMD100 files from online\imd100\remake\largecampells.png <-- Ipswitch /public_html/imd100/remake largecampells.png
2010.12.07 19:09 B G:\SchoolWork\Fall 10\IMD100 files from online\imd100\remake\mao.png <-- Ipswitch /public_html/imd100/remake mao.png
2010.12.07 19:09 B G:\SchoolWork\Fall 10\IMD100 files from online\imd100\remake\maothumb.png <-- Ipswitch /public_html/imd100/remake maothumb.png
2010.12.07 19:09 B G:\SchoolWork\Fall 10\IMD100 files from online\imd100\remake\marylinmonroe.png <-- Ipswitch /public_html/imd100/remake marylinmonroe.png
2010.12.07 19:09 B G:\SchoolWork\Fall 10\IMD100 files from online\imd100\remake\monroe.png <-- Ipswitch /public_html/imd100/remake monroe.png
2010.12.07 19:09 B G:\SchoolWork\Fall 10\IMD100 files from online\imd100\remake\styles2.css <-- Ipswitch /public_html/imd100/remake styles2.css
2010.12.07 19:09 B G:\SchoolWork\Fall 10\IMD100 files from online\imd100\remake\Thumbs.db <-- Ipswitch /public_html/imd100/remake Thumbs.db
2010.12.07 19:09 B G:\SchoolWork\Fall 10\IMD100 files from online\imd100\remake\warhol_flowers1970_1.png <-- Ipswitch /public_html/imd100/remake warhol_flowers1970_1.png
2010.12.07 19:09 B G:\SchoolWork\Fall 10\IMD100 files from online\imd100\remake\warhol_flowers2236.png <-- Ipswitch /public_html/imd100/remake warhol_flowers2236.png
2010.12.07 19:09 B G:\SchoolWork\Fall 10\IMD100 files from online\imd100\remake\warholflowers.png <-- Ipswitch /public_html/imd100/remake warholflowers.png
2010.12.07 20:40 B G:\SchoolWork\Fall 10\IMD100 files from online\imd100\remake\andy-bannerip.png --> dquach.aiwsites.com /public_html/imd100/remake andy-bannerip.png
2010.12.07 20:40 B G:\SchoolWork\Fall 10\IMD100 files from online\imd100\remake\andy-bar.png --> dquach.aiwsites.com /public_html/imd100/remake andy-bar.png
2010.12.07 20:40 B G:\SchoolWork\Fall 10\IMD100 files from online\imd100\remake\andyvalidation.pdf --> dquach.aiwsites.com /public_html/imd100/remake andyvalidation.pdf
2010.12.07 20:40 B G:\SchoolWork\Fall 10\IMD100 files from online\imd100\remake\andywarhol.pdf --> dquach.aiwsites.com /public_html/imd100/remake andywarhol.pdf
2010.12.07 20:40 B G:\SchoolWork\Fall 10\IMD100 files from online\imd100\remake\around the net.htm --> dquach.aiwsites.com /public_html/imd100/remake around the net.htm
2010.12.07 20:40 B G:\SchoolWork\Fall 10\IMD100 files from online\imd100\remake\biography.htm --> dquach.aiwsites.com /public_html/imd100/remake biography.htm
2010.12.07 20:41 B G:\SchoolWork\Fall 10\IMD100 files from online\imd100\remake\brillobox.png --> dquach.aiwsites.com /public_html/imd100/remake brillobox.png
2010.12.07 20:41 B G:\SchoolWork\Fall 10\IMD100 files from online\imd100\remake\contact.htm --> dquach.aiwsites.com /public_html/imd100/remake contact.htm
2010.12.07 20:41 B G:\SchoolWork\Fall 10\IMD100 files from online\imd100\remake\credit.htm --> dquach.aiwsites.com /public_html/imd100/remake credit.htm
2010.12.07 20:41 B G:\SchoolWork\Fall 10\IMD100 files from online\imd100\remake\ethel.png --> dquach.aiwsites.com /public_html/imd100/remake ethel.png
2010.12.07 20:41 B G:\SchoolWork\Fall 10\IMD100 files from online\imd100\remake\ethel2.png --> dquach.aiwsites.com /public_html/imd100/remake ethel2.png
2010.12.07 20:41 B G:\SchoolWork\Fall 10\IMD100 files from online\imd100\remake\flowersthumb.png --> dquach.aiwsites.com /public_html/imd100/remake flowersthumb.png
2010.12.07 20:41 B G:\SchoolWork\Fall 10\IMD100 files from online\imd100\remake\gallery.htm --> dquach.aiwsites.com /public_html/imd100/remake gallery.htm
2010.12.07 20:41 B G:\SchoolWork\Fall 10\IMD100 files from online\imd100\remake\gallery2.htm --> dquach.aiwsites.com /public_html/imd100/remake gallery2.htm
2010.12.07 20:41 B G:\SchoolWork\Fall 10\IMD100 files from online\imd100\remake\gallery3.htm --> dquach.aiwsites.com /public_html/imd100/remake gallery3.htm
2010.12.07 20:41 B G:\SchoolWork\Fall 10\IMD100 files from online\imd100\remake\gallery4.htm --> dquach.aiwsites.com /public_html/imd100/remake gallery4.htm
2010.12.07 20:41 B G:\SchoolWork\Fall 10\IMD100 files from online\imd100\remake\gallery5.htm --> dquach.aiwsites.com /public_html/imd100/remake gallery5.htm
2010.12.07 20:41 B G:\SchoolWork\Fall 10\IMD100 files from online\imd100\remake\gallery6.htm --> dquach.aiwsites.com /public_html/imd100/remake gallery6.htm
2010.12.07 20:41 B G:\SchoolWork\Fall 10\IMD100 files from online\imd100\remake\goethe.png --> dquach.aiwsites.com /public_html/imd100/remake goethe.png
2010.12.07 20:41 B G:\SchoolWork\Fall 10\IMD100 files from online\imd100\remake\goethelarge.png --> dquach.aiwsites.com /public_html/imd100/remake goethelarge.png
2010.12.07 20:41 B G:\SchoolWork\Fall 10\IMD100 files from online\imd100\remake\goethemonroe.png --> dquach.aiwsites.com /public_html/imd100/remake goethemonroe.png
2010.12.07 20:41 B G:\SchoolWork\Fall 10\IMD100 files from online\imd100\remake\index.htm --> dquach.aiwsites.com /public_html/imd100/remake index.htm
2010.12.07 20:41 B G:\SchoolWork\Fall 10\IMD100 files from online\imd100\remake\kimikofive.png --> dquach.aiwsites.com /public_html/imd100/remake kimikofive.png
2010.12.07 20:41 B G:\SchoolWork\Fall 10\IMD100 files from online\imd100\remake\kimikomain.png --> dquach.aiwsites.com /public_html/imd100/remake kimikomain.png
2010.12.07 20:41 B G:\SchoolWork\Fall 10\IMD100 files from online\imd100\remake\kiss.jpg --> dquach.aiwsites.com /public_html/imd100/remake kiss.jpg
2010.12.07 20:41 B G:\SchoolWork\Fall 10\IMD100 files from online\imd100\remake\largecampells.png --> dquach.aiwsites.com /public_html/imd100/remake largecampells.png
2010.12.07 20:41 B G:\SchoolWork\Fall 10\IMD100 files from online\imd100\remake\mao.png --> dquach.aiwsites.com /public_html/imd100/remake mao.png
2010.12.07 20:41 B G:\SchoolWork\Fall 10\IMD100 files from online\imd100\remake\maothumb.png --> dquach.aiwsites.com /public_html/imd100/remake maothumb.png
2010.12.07 20:41 B G:\SchoolWork\Fall 10\IMD100 files from online\imd100\remake\marylinmonroe.png --> dquach.aiwsites.com /public_html/imd100/remake marylinmonroe.png
2010.12.07 20:41 B G:\SchoolWork\Fall 10\IMD100 files from online\imd100\remake\monroe.png --> dquach.aiwsites.com /public_html/imd100/remake monroe.png
2010.12.07 20:41 B G:\SchoolWork\Fall 10\IMD100 files from online\imd100\remake\styles2.css --> dquach.aiwsites.com /public_html/imd100/remake styles2.css
2010.12.07 20:41 B G:\SchoolWork\Fall 10\IMD100 files from online\imd100\remake\Thumbs.db --> dquach.aiwsites.com /public_html/imd100/remake Thumbs.db
2010.12.07 20:41 B G:\SchoolWork\Fall 10\IMD100 files from online\imd100\remake\warhol_flowers1970_1.png --> dquach.aiwsites.com /public_html/imd100/remake warhol_flowers1970_1.png
2010.12.07 20:41 B G:\SchoolWork\Fall 10\IMD100 files from online\imd100\remake\warhol_flowers2236.png --> dquach.aiwsites.com /public_html/imd100/remake warhol_flowers2236.png
2010.12.07 20:41 B G:\SchoolWork\Fall 10\IMD100 files from online\imd100\remake\warholflowers.png --> dquach.aiwsites.com /public_html/imd100/remake warholflowers.png
2011.03.12 11:12 B G:\2010\SchoolWork\Final Review 2\imd100\remake\WS_FTP.LOG <-- Ipswitch /public_html/imd100/remake WS_FTP.LOG
