2011.03.12 11:13 B G:\2010\SchoolWork\Final Review 2\IMD215\deep.png <-- Ipswitch /public_html/IMD215 deep.png
2011.03.12 11:13 B G:\2010\SchoolWork\Final Review 2\IMD215\fableface.png <-- Ipswitch /public_html/IMD215 fableface.png
2011.03.12 11:13 B G:\2010\SchoolWork\Final Review 2\IMD215\fableofwolfandowl.png <-- Ipswitch /public_html/IMD215 fableofwolfandowl.png
2011.03.12 11:13 B G:\2010\SchoolWork\Final Review 2\IMD215\facebook-logo.png <-- Ipswitch /public_html/IMD215 facebook-logo.png
2011.03.12 11:13 B G:\2010\SchoolWork\Final Review 2\IMD215\facebook_logo-2.png <-- Ipswitch /public_html/IMD215 facebook_logo-2.png
2011.03.12 11:13 B G:\2010\SchoolWork\Final Review 2\IMD215\form.php <-- Ipswitch /public_html/IMD215 form.php
2011.03.12 11:13 B G:\2010\SchoolWork\Final Review 2\IMD215\fowaotext.png <-- Ipswitch /public_html/IMD215 fowaotext.png
2011.03.12 11:13 B G:\2010\SchoolWork\Final Review 2\IMD215\gear.png <-- Ipswitch /public_html/IMD215 gear.png
2011.03.12 11:13 B G:\2010\SchoolWork\Final Review 2\IMD215\gochiruzeru.png <-- Ipswitch /public_html/IMD215 gochiruzeru.png
2011.03.12 11:13 B G:\2010\SchoolWork\Final Review 2\IMD215\headstails.html <-- Ipswitch /public_html/IMD215 headstails.html
2011.03.12 11:13 B G:\2010\SchoolWork\Final Review 2\IMD215\htmlformtest.htm <-- Ipswitch /public_html/IMD215 htmlformtest.htm
2011.03.12 11:13 B G:\2010\SchoolWork\Final Review 2\IMD215\Image.jpg <-- Ipswitch /public_html/IMD215 Image.jpg
2011.03.12 11:13 B G:\2010\SchoolWork\Final Review 2\IMD215\imd215banner.png <-- Ipswitch /public_html/IMD215 imd215banner.png
2011.03.12 11:13 B G:\2010\SchoolWork\Final Review 2\IMD215\ist2_4150641-question-mark.jpg <-- Ipswitch /public_html/IMD215 ist2_4150641-question-mark.jpg
2011.03.12 11:13 B G:\2010\SchoolWork\Final Review 2\IMD215\jiggly.png <-- Ipswitch /public_html/IMD215 jiggly.png
2011.03.12 11:13 B G:\2010\SchoolWork\Final Review 2\IMD215\jquery-1.4.2.js <-- Ipswitch /public_html/IMD215 jquery-1.4.2.js
2011.03.12 11:13 B G:\2010\SchoolWork\Final Review 2\IMD215\koromori.png <-- Ipswitch /public_html/IMD215 koromori.png
2011.03.12 11:13 B G:\2010\SchoolWork\Final Review 2\IMD215\lab1.htm <-- Ipswitch /public_html/IMD215 lab1.htm
2011.03.12 11:13 B G:\2010\SchoolWork\Final Review 2\IMD215\lab1b.htm <-- Ipswitch /public_html/IMD215 lab1b.htm
2011.03.12 11:13 B G:\2010\SchoolWork\Final Review 2\IMD215\lab2b.htm <-- Ipswitch /public_html/IMD215 lab2b.htm
2011.03.12 11:13 B G:\2010\SchoolWork\Final Review 2\IMD215\lab3.htm <-- Ipswitch /public_html/IMD215 lab3.htm
2011.03.12 11:13 B G:\2010\SchoolWork\Final Review 2\IMD215\level.png <-- Ipswitch /public_html/IMD215 level.png
2011.03.12 11:13 B G:\2010\SchoolWork\Final Review 2\IMD215\linkedin_logo_1.jpg <-- Ipswitch /public_html/IMD215 linkedin_logo_1.jpg
2011.03.12 11:13 B G:\2010\SchoolWork\Final Review 2\IMD215\magic.htm <-- Ipswitch /public_html/IMD215 magic.htm
2011.03.12 11:13 B G:\2010\SchoolWork\Final Review 2\IMD215\nitext.png <-- Ipswitch /public_html/IMD215 nitext.png
2011.03.12 11:13 B G:\2010\SchoolWork\Final Review 2\IMD215\nurturerface.png <-- Ipswitch /public_html/IMD215 nurturerface.png
2011.03.12 11:13 B G:\2010\SchoolWork\Final Review 2\IMD215\nurturerinitiate.png <-- Ipswitch /public_html/IMD215 nurturerinitiate.png
2011.03.12 11:13 B G:\2010\SchoolWork\Final Review 2\IMD215\omanyte.png <-- Ipswitch /public_html/IMD215 omanyte.png
2011.03.12 11:13 B G:\2010\SchoolWork\Final Review 2\IMD215\pokequiz.htm <-- Ipswitch /public_html/IMD215 pokequiz.htm
2011.03.12 11:13 B G:\2010\SchoolWork\Final Review 2\IMD215\Project2Makeup.docx <-- Ipswitch /public_html/IMD215 Project2Makeup.docx
2011.03.12 11:13 B G:\2010\SchoolWork\Final Review 2\IMD215\projectpage.htm <-- Ipswitch /public_html/IMD215 projectpage.htm
2011.03.12 11:13 B G:\2010\SchoolWork\Final Review 2\IMD215\raincastform.png <-- Ipswitch /public_html/IMD215 raincastform.png
2011.03.12 11:13 B G:\2010\SchoolWork\Final Review 2\IMD215\raincastform1.png <-- Ipswitch /public_html/IMD215 raincastform1.png
2011.03.12 11:13 B G:\2010\SchoolWork\Final Review 2\IMD215\shorecrasherface.png <-- Ipswitch /public_html/IMD215 shorecrasherface.png
2011.03.12 11:13 B G:\2010\SchoolWork\Final Review 2\IMD215\shorecrashermimic.png <-- Ipswitch /public_html/IMD215 shorecrashermimic.png
2011.03.12 11:13 B G:\2010\SchoolWork\Final Review 2\IMD215\shoretext.png <-- Ipswitch /public_html/IMD215 shoretext.png
2011.03.12 11:13 B G:\2010\SchoolWork\Final Review 2\IMD215\snover.png <-- Ipswitch /public_html/IMD215 snover.png
2011.03.12 11:13 B G:\2010\SchoolWork\Final Review 2\IMD215\socialnetwork.htm <-- Ipswitch /public_html/IMD215 socialnetwork.htm
2011.03.12 11:13 B G:\2010\SchoolWork\Final Review 2\IMD215\socialnetwork2.htm <-- Ipswitch /public_html/IMD215 socialnetwork2.htm
2011.03.12 11:13 B G:\2010\SchoolWork\Final Review 2\IMD215\socialnetwork3.htm <-- Ipswitch /public_html/IMD215 socialnetwork3.htm
2011.03.12 11:13 B G:\2010\SchoolWork\Final Review 2\IMD215\style4.css <-- Ipswitch /public_html/IMD215 style4.css
2011.03.12 11:13 B G:\2010\SchoolWork\Final Review 2\IMD215\styles.css <-- Ipswitch /public_html/IMD215 styles.css
2011.03.12 11:13 B G:\2010\SchoolWork\Final Review 2\IMD215\styles2.css <-- Ipswitch /public_html/IMD215 styles2.css
2011.03.12 11:13 B G:\2010\SchoolWork\Final Review 2\IMD215\styles3.css <-- Ipswitch /public_html/IMD215 styles3.css
2011.03.12 11:13 B G:\2010\SchoolWork\Final Review 2\IMD215\styles4.css <-- Ipswitch /public_html/IMD215 styles4.css
2011.03.12 11:13 B G:\2010\SchoolWork\Final Review 2\IMD215\styles5.css <-- Ipswitch /public_html/IMD215 styles5.css
2011.03.12 11:13 B G:\2010\SchoolWork\Final Review 2\IMD215\validation.htm <-- Ipswitch /public_html/IMD215 validation.htm
2011.03.12 11:13 B G:\2010\SchoolWork\Final Review 2\IMD215\wistfulselkie.png <-- Ipswitch /public_html/IMD215 wistfulselkie.png
2011.03.12 11:13 B G:\2010\SchoolWork\Final Review 2\IMD215\wistfulselkieface.png <-- Ipswitch /public_html/IMD215 wistfulselkieface.png
2011.03.12 11:13 B G:\2010\SchoolWork\Final Review 2\IMD215\wstext.png <-- Ipswitch /public_html/IMD215 wstext.png
