2010.10.25 11:28 B F:\SchoolWork\Fall 10\IMD 315\Project\images\arrow.png --> dquach.aiwsites.com /public_html/IMD315/images arrow.png
2010.10.25 11:28 B F:\SchoolWork\Fall 10\IMD 315\Project\images\e852av1x.png --> dquach.aiwsites.com /public_html/IMD315/images e852av1x.png
2010.10.25 11:28 B F:\SchoolWork\Fall 10\IMD 315\Project\images\Thumbs.db --> dquach.aiwsites.com /public_html/IMD315/images Thumbs.db
2010.10.25 11:28 B F:\SchoolWork\Fall 10\IMD 315\Project\images\wood copy.png --> dquach.aiwsites.com /public_html/IMD315/images wood copy.png
2010.10.25 11:28 B F:\SchoolWork\Fall 10\IMD 315\Project\images\wood.psd --> dquach.aiwsites.com /public_html/IMD315/images wood.psd
2010.10.25 14:13 B F:\SchoolWork\Fall 10\IMD 315\Project\images\sketchpad.png --> dquach.aiwsites.com /public_html/IMD315/images sketchpad.png
2010.10.25 14:13 B F:\SchoolWork\Fall 10\IMD 315\Project\images\socimedia2.png --> dquach.aiwsites.com /public_html/IMD315/images socimedia2.png
2010.10.25 14:13 B F:\SchoolWork\Fall 10\IMD 315\Project\images\socimedia2.psd --> dquach.aiwsites.com /public_html/IMD315/images socimedia2.psd
2010.10.25 14:13 B F:\SchoolWork\Fall 10\IMD 315\Project\images\Thumbs.db --> dquach.aiwsites.com /public_html/IMD315/images Thumbs.db
2010.10.25 14:13 B F:\SchoolWork\Fall 10\IMD 315\Project\images\WS_FTP.LOG --> dquach.aiwsites.com /public_html/IMD315/images WS_FTP.LOG
2010.10.25 14:24 B F:\SchoolWork\Fall 10\IMD 315\Project\images\about.png --> dquach.aiwsites.com /public_html/IMD315/images about.png
2010.10.25 14:24 B F:\SchoolWork\Fall 10\IMD 315\Project\images\arrow.png --> dquach.aiwsites.com /public_html/IMD315/images arrow.png
2010.10.25 14:24 B F:\SchoolWork\Fall 10\IMD 315\Project\images\blog.png --> dquach.aiwsites.com /public_html/IMD315/images blog.png
2010.10.25 14:24 B F:\SchoolWork\Fall 10\IMD 315\Project\images\bluemouse.png --> dquach.aiwsites.com /public_html/IMD315/images bluemouse.png
2010.10.25 14:24 B F:\SchoolWork\Fall 10\IMD 315\Project\images\click.png --> dquach.aiwsites.com /public_html/IMD315/images click.png
2010.10.25 14:24 B F:\SchoolWork\Fall 10\IMD 315\Project\images\coffee.png --> dquach.aiwsites.com /public_html/IMD315/images coffee.png
2010.10.25 14:24 B F:\SchoolWork\Fall 10\IMD 315\Project\images\creditcards.png --> dquach.aiwsites.com /public_html/IMD315/images creditcards.png
2010.10.25 14:24 B F:\SchoolWork\Fall 10\IMD 315\Project\images\e852av1x.png --> dquach.aiwsites.com /public_html/IMD315/images e852av1x.png
2010.10.25 14:24 B F:\SchoolWork\Fall 10\IMD 315\Project\images\ipodcorner.png --> dquach.aiwsites.com /public_html/IMD315/images ipodcorner.png
2010.10.25 14:24 B F:\SchoolWork\Fall 10\IMD 315\Project\images\m310-peacock-blue.png --> dquach.aiwsites.com /public_html/IMD315/images m310-peacock-blue.png
2010.10.25 14:24 B F:\SchoolWork\Fall 10\IMD 315\Project\images\micron.png --> dquach.aiwsites.com /public_html/IMD315/images micron.png
2010.10.25 14:24 B F:\SchoolWork\Fall 10\IMD 315\Project\images\SD-Card2.png --> dquach.aiwsites.com /public_html/IMD315/images SD-Card2.png
2010.10.25 14:24 B F:\SchoolWork\Fall 10\IMD 315\Project\images\SD-Card2credit.png --> dquach.aiwsites.com /public_html/IMD315/images SD-Card2credit.png
2010.10.25 14:24 B F:\SchoolWork\Fall 10\IMD 315\Project\images\sketchpad.png --> dquach.aiwsites.com /public_html/IMD315/images sketchpad.png
2010.10.25 14:24 B F:\SchoolWork\Fall 10\IMD 315\Project\images\socimedia2.png --> dquach.aiwsites.com /public_html/IMD315/images socimedia2.png
2010.10.25 14:24 B F:\SchoolWork\Fall 10\IMD 315\Project\images\wood.png --> dquach.aiwsites.com /public_html/IMD315/images wood.png
2010.10.25 14:24 B F:\SchoolWork\Fall 10\IMD 315\Project\images\woodtable.png --> dquach.aiwsites.com /public_html/IMD315/images woodtable.png
2010.10.25 21:32 B G:\SchoolWork\Fall 10\IMD 315\Project\images\woodtable.png --> dquach.aiwsites.com /public_html/IMD315/images woodtable.png
2010.10.25 21:33 B G:\SchoolWork\Fall 10\IMD 315\Project\images\wood copy.png --> dquach.aiwsites.com /public_html/IMD315/images wood copy.png
2010.10.27 16:26 B H:\SchoolWork\Fall 10\IMD 315\Project\images\about.png --> dquach.aiwsites.com /public_html/IMD315/images about.png
2010.10.27 16:26 B H:\SchoolWork\Fall 10\IMD 315\Project\images\arrow.png --> dquach.aiwsites.com /public_html/IMD315/images arrow.png
2010.10.27 16:26 B H:\SchoolWork\Fall 10\IMD 315\Project\images\blog.png --> dquach.aiwsites.com /public_html/IMD315/images blog.png
2010.10.27 16:26 B H:\SchoolWork\Fall 10\IMD 315\Project\images\bluemouse.png --> dquach.aiwsites.com /public_html/IMD315/images bluemouse.png
2010.10.27 16:26 B H:\SchoolWork\Fall 10\IMD 315\Project\images\chan.png --> dquach.aiwsites.com /public_html/IMD315/images chan.png
2010.10.27 16:26 B H:\SchoolWork\Fall 10\IMD 315\Project\images\click.png --> dquach.aiwsites.com /public_html/IMD315/images click.png
2010.10.27 16:26 B H:\SchoolWork\Fall 10\IMD 315\Project\images\coffee.png --> dquach.aiwsites.com /public_html/IMD315/images coffee.png
2010.10.27 16:26 B H:\SchoolWork\Fall 10\IMD 315\Project\images\creditcards.png --> dquach.aiwsites.com /public_html/IMD315/images creditcards.png
2010.10.27 16:26 B H:\SchoolWork\Fall 10\IMD 315\Project\images\e852av1x.png --> dquach.aiwsites.com /public_html/IMD315/images e852av1x.png
2010.10.27 16:26 B H:\SchoolWork\Fall 10\IMD 315\Project\images\ipodcorner.png --> dquach.aiwsites.com /public_html/IMD315/images ipodcorner.png
2010.10.27 16:26 B H:\SchoolWork\Fall 10\IMD 315\Project\images\m310-peacock-blue.png --> dquach.aiwsites.com /public_html/IMD315/images m310-peacock-blue.png
2010.10.27 16:26 B H:\SchoolWork\Fall 10\IMD 315\Project\images\micron.png --> dquach.aiwsites.com /public_html/IMD315/images micron.png
2010.10.27 16:26 B H:\SchoolWork\Fall 10\IMD 315\Project\images\ordinary.png --> dquach.aiwsites.com /public_html/IMD315/images ordinary.png
2010.10.27 16:26 B H:\SchoolWork\Fall 10\IMD 315\Project\images\SD-Card2.png --> dquach.aiwsites.com /public_html/IMD315/images SD-Card2.png
2010.10.27 16:26 B H:\SchoolWork\Fall 10\IMD 315\Project\images\SD-Card2credit.png --> dquach.aiwsites.com /public_html/IMD315/images SD-Card2credit.png
2010.10.27 16:26 B H:\SchoolWork\Fall 10\IMD 315\Project\images\sketchpad.png --> dquach.aiwsites.com /public_html/IMD315/images sketchpad.png
2010.10.27 16:26 B H:\SchoolWork\Fall 10\IMD 315\Project\images\socimedia2.png --> dquach.aiwsites.com /public_html/IMD315/images socimedia2.png
2010.10.27 16:26 B H:\SchoolWork\Fall 10\IMD 315\Project\images\stardust.png --> dquach.aiwsites.com /public_html/IMD315/images stardust.png
2010.10.27 16:27 B H:\SchoolWork\Fall 10\IMD 315\Project\images\wood copy.png --> dquach.aiwsites.com /public_html/IMD315/images wood copy.png
2010.10.27 16:27 B H:\SchoolWork\Fall 10\IMD 315\Project\images\wood.png --> dquach.aiwsites.com /public_html/IMD315/images wood.png
2010.10.27 16:27 B H:\SchoolWork\Fall 10\IMD 315\Project\images\woodtable.png --> dquach.aiwsites.com /public_html/IMD315/images woodtable.png
2010.10.27 16:27 B H:\SchoolWork\Fall 10\IMD 315\Project\images\WS_FTP.LOG --> dquach.aiwsites.com /public_html/IMD315/images WS_FTP.LOG
2010.11.01 10:53 B G:\SchoolWork\Fall 10\IMD 315\Project\images\wood2.png --> dquach.aiwsites.com /public_html/IMD315/images wood2.png
2011.03.12 11:15 B G:\2010\SchoolWork\Final Review 2\IMD315\images\WS_FTP.LOG <-- Ipswitch /public_html/IMD315/images WS_FTP.LOG
