2010.09.10 16:28 B G:\SchoolWork\public_html\IMD230 newer\remake2\sacredcross.swf --> dquach.aiwsites.com /public_html/IMD230/review sacredcross.swf
2010.09.10 16:34 B G:\SchoolWork\public_html\IMD230 newer\remake2\amelia.swf --> dquach.aiwsites.com /public_html/IMD230/review amelia.swf
2010.09.10 16:37 B G:\SchoolWork\public_html\IMD230 newer\remake2\index.htm --> dquach.aiwsites.com /public_html/IMD230/review index.htm
2010.09.10 16:37 B G:\SchoolWork\public_html\IMD230 newer\remake2\styles.css --> dquach.aiwsites.com /public_html/IMD230/review styles.css
2010.09.10 16:52 B G:\SchoolWork\public_html\IMD230 newer\remake2\styles.css --> dquach.aiwsites.com /public_html/IMD230/review styles.css
2010.09.10 17:06 B G:\SchoolWork\public_html\IMD230 newer\remake2\index.htm --> dquach.aiwsites.com /public_html/IMD230/review index.htm
2010.09.10 17:06 B G:\SchoolWork\public_html\IMD230 newer\remake2\styles.css --> dquach.aiwsites.com /public_html/IMD230/review styles.css
2010.09.10 17:06 B G:\SchoolWork\public_html\IMD230 newer\remake2\titleNew.png --> dquach.aiwsites.com /public_html/IMD230/review titleNew.png
2010.09.10 17:19 B G:\SchoolWork\public_html\IMD230 newer\remake2\index.htm --> dquach.aiwsites.com /public_html/IMD230/review index.htm
2010.09.10 17:19 B G:\SchoolWork\public_html\IMD230 newer\remake2\styles.css --> dquach.aiwsites.com /public_html/IMD230/review styles.css
2010.09.10 19:23 B G:\SchoolWork\public_html\IMD230 newer\remake2\amelia.swf --> dquach.aiwsites.com /public_html/IMD230/review amelia.swf
2010.09.10 19:23 B G:\SchoolWork\public_html\IMD230 newer\remake2\bio.swf --> dquach.aiwsites.com /public_html/IMD230/review bio.swf
2010.09.10 19:23 B G:\SchoolWork\public_html\IMD230 newer\remake2\credits.swf --> dquach.aiwsites.com /public_html/IMD230/review credits.swf
2010.09.10 19:23 B G:\SchoolWork\public_html\IMD230 newer\remake2\equipment.swf --> dquach.aiwsites.com /public_html/IMD230/review equipment.swf
2010.09.10 19:23 B G:\SchoolWork\public_html\IMD230 newer\remake2\flight.swf --> dquach.aiwsites.com /public_html/IMD230/review flight.swf
2010.09.10 19:23 B G:\SchoolWork\public_html\IMD230 newer\remake2\vanish.swf --> dquach.aiwsites.com /public_html/IMD230/review vanish.swf
2010.09.10 19:24 B G:\SchoolWork\public_html\IMD230 newer\remake2\amelia.swf --> dquach.aiwsites.com /public_html/IMD230/review amelia.swf
2010.09.10 19:24 B G:\SchoolWork\public_html\IMD230 newer\remake2\bio.swf --> dquach.aiwsites.com /public_html/IMD230/review bio.swf
2010.09.10 19:24 B G:\SchoolWork\public_html\IMD230 newer\remake2\credits.swf --> dquach.aiwsites.com /public_html/IMD230/review credits.swf
2010.09.10 19:24 B G:\SchoolWork\public_html\IMD230 newer\remake2\equipment.swf --> dquach.aiwsites.com /public_html/IMD230/review equipment.swf
2010.09.10 19:24 B G:\SchoolWork\public_html\IMD230 newer\remake2\flight.swf --> dquach.aiwsites.com /public_html/IMD230/review flight.swf
2010.09.10 19:24 B G:\SchoolWork\public_html\IMD230 newer\remake2\vanish.swf --> dquach.aiwsites.com /public_html/IMD230/review vanish.swf
2010.09.10 21:21 B G:\SchoolWork\public_html\IMD230 newer\remake2\amelia.swf --> dquach.aiwsites.com /public_html/IMD230/review amelia.swf
2011.03.12 11:15 B G:\2010\SchoolWork\Final Review 2\IMD230\review\WS_FTP.LOG <-- Ipswitch /public_html/IMD230/review WS_FTP.LOG
2011.03.12 11:15 B G:\2010\SchoolWork\Final Review 2\IMD230\review\yopmap.png <-- Ipswitch /public_html/IMD230/review yopmap.png
