2011.03.12 11:15 B G:\2010\SchoolWork\Final Review 2\portal\._andywarhol.png <-- Ipswitch /public_html/portal ._andywarhol.png
2011.03.12 11:15 B G:\2010\SchoolWork\Final Review 2\portal\._portaltop.png <-- Ipswitch /public_html/portal ._portaltop.png
2011.03.12 11:15 B G:\2010\SchoolWork\Final Review 2\portal\amelia.png <-- Ipswitch /public_html/portal amelia.png
2011.03.12 11:15 B G:\2010\SchoolWork\Final Review 2\portal\andywarhol.png <-- Ipswitch /public_html/portal andywarhol.png
2011.03.12 11:15 B G:\2010\SchoolWork\Final Review 2\portal\food.png <-- Ipswitch /public_html/portal food.png
2011.03.12 11:15 B G:\2010\SchoolWork\Final Review 2\portal\forbidden.png <-- Ipswitch /public_html/portal forbidden.png
2011.03.12 11:15 B G:\2010\SchoolWork\Final Review 2\portal\forbiddenicon.png <-- Ipswitch /public_html/portal forbiddenicon.png
2011.03.12 11:15 B G:\2010\SchoolWork\Final Review 2\portal\harpyflight.png <-- Ipswitch /public_html/portal harpyflight.png
2011.03.12 11:15 B G:\2010\SchoolWork\Final Review 2\portal\lynn.png <-- Ipswitch /public_html/portal lynn.png
2011.03.12 11:15 B G:\2010\SchoolWork\Final Review 2\portal\pkmnquiz.png <-- Ipswitch /public_html/portal pkmnquiz.png
2011.03.12 11:15 B G:\2010\SchoolWork\Final Review 2\portal\portaltop.png <-- Ipswitch /public_html/portal portaltop.png
2011.03.12 11:15 B G:\2010\SchoolWork\Final Review 2\portal\soci.png <-- Ipswitch /public_html/portal soci.png
2011.03.12 11:15 B G:\2010\SchoolWork\Final Review 2\portal\styles.css <-- Ipswitch /public_html/portal styles.css
2011.03.12 11:15 B G:\2010\SchoolWork\Final Review 2\portal\tablesegments.ai <-- Ipswitch /public_html/portal tablesegments.ai
2011.03.12 11:15 B G:\2010\SchoolWork\Final Review 2\portal\tablesegments.png <-- Ipswitch /public_html/portal tablesegments.png
2011.03.12 11:15 B G:\2010\SchoolWork\Final Review 2\portal\tablesegments2.ai <-- Ipswitch /public_html/portal tablesegments2.ai
2011.03.12 11:15 B G:\2010\SchoolWork\Final Review 2\portal\tablesegments2.png <-- Ipswitch /public_html/portal tablesegments2.png
2011.03.12 11:15 B G:\2010\SchoolWork\Final Review 2\portal\tablesegments3.png <-- Ipswitch /public_html/portal tablesegments3.png
2011.03.12 11:15 B G:\2010\SchoolWork\Final Review 2\portal\Thumbs.db <-- Ipswitch /public_html/portal Thumbs.db
2011.03.12 11:15 B G:\2010\SchoolWork\Final Review 2\portal\wdim.png <-- Ipswitch /public_html/portal wdim.png
2011.03.12 11:15 B G:\2010\SchoolWork\Final Review 2\portal\wdim2.png <-- Ipswitch /public_html/portal wdim2.png
